<?xml version="1.0" encoding="UTF-8"?>
<testng-results ignored="0" total="2" passed="2" failed="0" skipped="0">
  <reporter-output>
  </reporter-output>
  <suite started-at="2022-07-02T18:39:33 IST" name="Suite" finished-at="2022-07-02T18:39:33 IST" duration-ms="58">
    <groups>
    </groups>
    <test started-at="2022-07-02T18:39:33 IST" name="Test" finished-at="2022-07-02T18:39:33 IST" duration-ms="58">
      <class name="playerJson.PlayerJsonTest">
        <test-method signature="validateAtleastOneWicketKeeper()[pri:0, instance:playerJson.PlayerJsonTest@4de4b452]" started-at="2022-07-02T18:39:33 IST" name="validateAtleastOneWicketKeeper" finished-at="2022-07-02T18:39:33 IST" duration-ms="17" status="PASS">
          <reporter-output>
          </reporter-output>
        </test-method> <!-- validateAtleastOneWicketKeeper -->
        <test-method signature="validateForeginPlayer()[pri:0, instance:playerJson.PlayerJsonTest@4de4b452]" started-at="2022-07-02T18:39:33 IST" name="validateForeginPlayer" finished-at="2022-07-02T18:39:33 IST" duration-ms="1" status="PASS">
          <reporter-output>
          </reporter-output>
        </test-method> <!-- validateForeginPlayer -->
      </class> <!-- playerJson.PlayerJsonTest -->
    </test> <!-- Test -->
  </suite> <!-- Suite -->
</testng-results>
