<?xml version="1.0" encoding="UTF-8"?>
<testng-results ignored="0" total="2" passed="2" failed="0" skipped="0">
  <reporter-output>
  </reporter-output>
  <suite started-at="2022-07-02T18:37:47 IST" name="Default suite" finished-at="2022-07-02T18:37:47 IST" duration-ms="63">
    <groups>
    </groups>
    <test started-at="2022-07-02T18:37:47 IST" name="Default test" finished-at="2022-07-02T18:37:47 IST" duration-ms="63">
      <class name="playerJson.PlayerJsonTest">
        <test-method signature="validateAtleastOneWicketKeeper()[pri:0, instance:playerJson.PlayerJsonTest@61386958]" started-at="2022-07-02T18:37:47 IST" name="validateAtleastOneWicketKeeper" finished-at="2022-07-02T18:37:47 IST" duration-ms="19" status="PASS">
          <reporter-output>
          </reporter-output>
        </test-method> <!-- validateAtleastOneWicketKeeper -->
        <test-method signature="validateForeginPlayer()[pri:0, instance:playerJson.PlayerJsonTest@61386958]" started-at="2022-07-02T18:37:47 IST" name="validateForeginPlayer" finished-at="2022-07-02T18:37:47 IST" duration-ms="2" status="PASS">
          <reporter-output>
          </reporter-output>
        </test-method> <!-- validateForeginPlayer -->
      </class> <!-- playerJson.PlayerJsonTest -->
    </test> <!-- Default test -->
  </suite> <!-- Default suite -->
</testng-results>
